<html>
<head>
<title>TestNG:  iOSTest</title>
<link href="../testng.css" rel="stylesheet" type="text/css" />
<link href="../my-testng.css" rel="stylesheet" type="text/css" />

<style type="text/css">
.log { display: none;} 
.stack-trace { display: none;} 
</style>
<script type="text/javascript">
<!--
function flip(e) {
  current = e.style.display;
  if (current == 'block') {
    e.style.display = 'none';
    return 0;
  }
  else {
    e.style.display = 'block';
    return 1;
  }
}

function toggleBox(szDivId, elem, msg1, msg2)
{
  var res = -1;  if (document.getElementById) {
    res = flip(document.getElementById(szDivId));
  }
  else if (document.all) {
    // this is the way old msie versions work
    res = flip(document.all[szDivId]);
  }
  if(elem) {
    if(res == 0) elem.innerHTML = msg1; else elem.innerHTML = msg2;
  }

}

function toggleAllBoxes() {
  if (document.getElementsByTagName) {
    d = document.getElementsByTagName('div');
    for (i = 0; i < d.length; i++) {
      if (d[i].className == 'log') {
        flip(d[i]);
      }
    }
  }
}

// -->
</script>

</head>
<body>
<h2 align='center'>iOSTest</h2><table border='1' align="center">
<tr>
<td>Tests passed/Failed/Skipped:</td><td>0/1/7</td>
</tr><tr>
<td>Started on:</td><td>Sun Jul 23 04:07:07 IST 2017</td>
</tr>
<tr><td>Total time:</td><td>2 seconds (2053 ms)</td>
</tr><tr>
<td>Included groups:</td><td></td>
</tr><tr>
<td>Excluded groups:</td><td></td>
</tr>
</table><p/>
<small><i>(Hover the method name to see the test class name)</i></small><p/>
<table width='100%' border='1' class='invocation-failed'>
<tr><td colspan='4' align='center'><b>FAILED CONFIGURATIONS</b></td></tr>
<tr><td><b>Test method</b></td>
<td width="30%"><b>Exception</b></td>
<td width="10%"><b>Time (seconds)</b></td>
<td><b>Instance</b></td>
</tr>
<tr>
<td title='ios.scripts.Test_01_Launch_UI_Catalog_HomePage.after_Method()'><b>after_Method</b><br>Test class: ios.scripts.Test_01_Launch_UI_Catalog_HomePage<br>Parameters: [TestResult name=test_01_Launch_UI_Catalog_HomePage status=FAILURE method=Test_01_Launch_UI_Catalog_HomePage.test_01_Launch_UI_Catalog_HomePage()[pri:0, instance:ios.scripts.Test_01_Launch_UI_Catalog_HomePage@1134affc] output={null}]</td>
<td><div><pre>java.lang.NullPointerException
	at ios.common.functions.Base_Class.after_Method(Unknown Source)
... Removed 26 stack frames</pre></div><a href='#' onClick='toggleBox("stack-trace542980314", this, "Click to show all stack frames", "Click to hide stack frames")'>Click to show all stack frames</a>
<div class='stack-trace' id='stack-trace542980314'><pre>java.lang.NullPointerException
	at ios.common.functions.Base_Class.after_Method(Unknown Source)
	at sun.reflect.NativeMethodAccessorImpl.invoke0(Native Method)
	at sun.reflect.NativeMethodAccessorImpl.invoke(NativeMethodAccessorImpl.java:62)
	at sun.reflect.DelegatingMethodAccessorImpl.invoke(DelegatingMethodAccessorImpl.java:43)
	at java.lang.reflect.Method.invoke(Method.java:498)
	at org.testng.internal.MethodInvocationHelper.invokeMethod(MethodInvocationHelper.java:104)
	at org.testng.internal.Invoker.invokeConfigurationMethod(Invoker.java:515)
	at org.testng.internal.Invoker.invokeConfigurations(Invoker.java:217)
	at org.testng.internal.Invoker.invokeMethod(Invoker.java:712)
	at org.testng.internal.Invoker.invokeTestMethod(Invoker.java:851)
	at org.testng.internal.Invoker.invokeTestMethods(Invoker.java:1177)
	at org.testng.internal.TestMethodWorker.invokeTestMethods(TestMethodWorker.java:129)
	at org.testng.internal.TestMethodWorker.run(TestMethodWorker.java:112)
	at org.testng.TestRunner.privateRun(TestRunner.java:756)
	at org.testng.TestRunner.run(TestRunner.java:610)
	at org.testng.SuiteRunner.runTest(SuiteRunner.java:387)
	at org.testng.SuiteRunner.runSequentially(SuiteRunner.java:382)
	at org.testng.SuiteRunner.privateRun(SuiteRunner.java:340)
	at org.testng.SuiteRunner.run(SuiteRunner.java:289)
	at org.testng.SuiteRunnerWorker.runSuite(SuiteRunnerWorker.java:52)
	at org.testng.SuiteRunnerWorker.run(SuiteRunnerWorker.java:86)
	at org.testng.TestNG.runSuitesSequentially(TestNG.java:1293)
	at org.testng.TestNG.runSuitesLocally(TestNG.java:1218)
	at org.testng.TestNG.runSuites(TestNG.java:1133)
	at org.testng.TestNG.run(TestNG.java:1104)
	at org.testng.TestNG.privateMain(TestNG.java:1434)
	at org.testng.TestNG.main(TestNG.java:1403)
</pre></div></td>
<td>0</td>
<td>ios.scripts.Test_01_Launch_UI_Catalog_HomePage@1134affc</td></tr>
</table><p>
<table width='100%' border='1' class='invocation-skipped'>
<tr><td colspan='4' align='center'><b>SKIPPED CONFIGURATIONS</b></td></tr>
<tr><td><b>Test method</b></td>
<td width="30%"><b>Exception</b></td>
<td width="10%"><b>Time (seconds)</b></td>
<td><b>Instance</b></td>
</tr>
<tr>
<td title='ios.scripts.Test_02_UI_Catalog_ActionSheets.before_Method()'><b>before_Method</b><br>Test class: ios.scripts.Test_02_UI_Catalog_ActionSheets</td>
<td></td>
<td>0</td>
<td>ios.scripts.Test_02_UI_Catalog_ActionSheets@d041cf</td></tr>
<tr>
<td title='ios.scripts.Test_03_UI_Catalog_ActivityIndicators.before_Method()'><b>before_Method</b><br>Test class: ios.scripts.Test_03_UI_Catalog_ActivityIndicators</td>
<td></td>
<td>0</td>
<td>ios.scripts.Test_03_UI_Catalog_ActivityIndicators@129a8472</td></tr>
<tr>
<td title='ios.scripts.Test_04_UI_Catalog_AlertViews.before_Method()'><b>before_Method</b><br>Test class: ios.scripts.Test_04_UI_Catalog_AlertViews</td>
<td></td>
<td>0</td>
<td>ios.scripts.Test_04_UI_Catalog_AlertViews@1b0375b3</td></tr>
<tr>
<td title='ios.scripts.Test_05_UI_Catalog_Buttons.before_Method()'><b>before_Method</b><br>Test class: ios.scripts.Test_05_UI_Catalog_Buttons</td>
<td></td>
<td>0</td>
<td>ios.scripts.Test_05_UI_Catalog_Buttons@2f7c7260</td></tr>
<tr>
<td title='ios.scripts.Test_06_UI_Catalog_DatePicker.before_Method()'><b>before_Method</b><br>Test class: ios.scripts.Test_06_UI_Catalog_DatePicker</td>
<td></td>
<td>0</td>
<td>ios.scripts.Test_06_UI_Catalog_DatePicker@2d209079</td></tr>
<tr>
<td title='ios.scripts.Test_07_UI_Catalog_SegmentedControls.before_Method()'><b>before_Method</b><br>Test class: ios.scripts.Test_07_UI_Catalog_SegmentedControls</td>
<td></td>
<td>0</td>
<td>ios.scripts.Test_07_UI_Catalog_SegmentedControls@6bdf28bb</td></tr>
<tr>
<td title='ios.scripts.Test_08_UI_Catalog_Sliders.before_Method()'><b>before_Method</b><br>Test class: ios.scripts.Test_08_UI_Catalog_Sliders</td>
<td></td>
<td>0</td>
<td>ios.scripts.Test_08_UI_Catalog_Sliders@6b71769e</td></tr>
<tr>
<td title='ios.scripts.Test_02_UI_Catalog_ActionSheets.after_Method()'><b>after_Method</b><br>Test class: ios.scripts.Test_02_UI_Catalog_ActionSheets</td>
<td></td>
<td>0</td>
<td>ios.scripts.Test_02_UI_Catalog_ActionSheets@d041cf</td></tr>
<tr>
<td title='ios.scripts.Test_03_UI_Catalog_ActivityIndicators.after_Method()'><b>after_Method</b><br>Test class: ios.scripts.Test_03_UI_Catalog_ActivityIndicators</td>
<td></td>
<td>0</td>
<td>ios.scripts.Test_03_UI_Catalog_ActivityIndicators@129a8472</td></tr>
<tr>
<td title='ios.scripts.Test_04_UI_Catalog_AlertViews.after_Method()'><b>after_Method</b><br>Test class: ios.scripts.Test_04_UI_Catalog_AlertViews</td>
<td></td>
<td>0</td>
<td>ios.scripts.Test_04_UI_Catalog_AlertViews@1b0375b3</td></tr>
<tr>
<td title='ios.scripts.Test_05_UI_Catalog_Buttons.after_Method()'><b>after_Method</b><br>Test class: ios.scripts.Test_05_UI_Catalog_Buttons</td>
<td></td>
<td>0</td>
<td>ios.scripts.Test_05_UI_Catalog_Buttons@2f7c7260</td></tr>
<tr>
<td title='ios.scripts.Test_06_UI_Catalog_DatePicker.after_Method()'><b>after_Method</b><br>Test class: ios.scripts.Test_06_UI_Catalog_DatePicker</td>
<td></td>
<td>0</td>
<td>ios.scripts.Test_06_UI_Catalog_DatePicker@2d209079</td></tr>
<tr>
<td title='ios.scripts.Test_07_UI_Catalog_SegmentedControls.after_Method()'><b>after_Method</b><br>Test class: ios.scripts.Test_07_UI_Catalog_SegmentedControls</td>
<td></td>
<td>0</td>
<td>ios.scripts.Test_07_UI_Catalog_SegmentedControls@6bdf28bb</td></tr>
<tr>
<td title='ios.scripts.Test_08_UI_Catalog_Sliders.after_Method()'><b>after_Method</b><br>Test class: ios.scripts.Test_08_UI_Catalog_Sliders</td>
<td></td>
<td>0</td>
<td>ios.scripts.Test_08_UI_Catalog_Sliders@6b71769e</td></tr>
</table><p>
<table width='100%' border='1' class='invocation-failed'>
<tr><td colspan='4' align='center'><b>FAILED TESTS</b></td></tr>
<tr><td><b>Test method</b></td>
<td width="30%"><b>Exception</b></td>
<td width="10%"><b>Time (seconds)</b></td>
<td><b>Instance</b></td>
</tr>
<tr>
<td title='ios.scripts.Test_01_Launch_UI_Catalog_HomePage.test_01_Launch_UI_Catalog_HomePage()'><b>test_01_Launch_UI_Catalog_HomePage</b><br>Test class: ios.scripts.Test_01_Launch_UI_Catalog_HomePage<br>Test method: Test UI Catalog APP -Smoke Test</td>
<td><div><pre>java.lang.NullPointerException
	at ios.pageObjects.Get_WebElement.getElementByAccessibilityId(Unknown Source)
	at ios.scripts.Test_01_Launch_UI_Catalog_HomePage.test_01_Launch_UI_Catalog_HomePage(Unknown Source)
... Removed 24 stack frames</pre></div><a href='#' onClick='toggleBox("stack-trace351417028", this, "Click to show all stack frames", "Click to hide stack frames")'>Click to show all stack frames</a>
<div class='stack-trace' id='stack-trace351417028'><pre>java.lang.NullPointerException
	at ios.pageObjects.Get_WebElement.getElementByAccessibilityId(Unknown Source)
	at ios.scripts.Test_01_Launch_UI_Catalog_HomePage.test_01_Launch_UI_Catalog_HomePage(Unknown Source)
	at sun.reflect.NativeMethodAccessorImpl.invoke0(Native Method)
	at sun.reflect.NativeMethodAccessorImpl.invoke(NativeMethodAccessorImpl.java:62)
	at sun.reflect.DelegatingMethodAccessorImpl.invoke(DelegatingMethodAccessorImpl.java:43)
	at java.lang.reflect.Method.invoke(Method.java:498)
	at org.testng.internal.MethodInvocationHelper.invokeMethod(MethodInvocationHelper.java:104)
	at org.testng.internal.Invoker.invokeMethod(Invoker.java:645)
	at org.testng.internal.Invoker.invokeTestMethod(Invoker.java:851)
	at org.testng.internal.Invoker.invokeTestMethods(Invoker.java:1177)
	at org.testng.internal.TestMethodWorker.invokeTestMethods(TestMethodWorker.java:129)
	at org.testng.internal.TestMethodWorker.run(TestMethodWorker.java:112)
	at org.testng.TestRunner.privateRun(TestRunner.java:756)
	at org.testng.TestRunner.run(TestRunner.java:610)
	at org.testng.SuiteRunner.runTest(SuiteRunner.java:387)
	at org.testng.SuiteRunner.runSequentially(SuiteRunner.java:382)
	at org.testng.SuiteRunner.privateRun(SuiteRunner.java:340)
	at org.testng.SuiteRunner.run(SuiteRunner.java:289)
	at org.testng.SuiteRunnerWorker.runSuite(SuiteRunnerWorker.java:52)
	at org.testng.SuiteRunnerWorker.run(SuiteRunnerWorker.java:86)
	at org.testng.TestNG.runSuitesSequentially(TestNG.java:1293)
	at org.testng.TestNG.runSuitesLocally(TestNG.java:1218)
	at org.testng.TestNG.runSuites(TestNG.java:1133)
	at org.testng.TestNG.run(TestNG.java:1104)
	at org.testng.TestNG.privateMain(TestNG.java:1434)
	at org.testng.TestNG.main(TestNG.java:1403)
</pre></div></td>
<td>0</td>
<td>ios.scripts.Test_01_Launch_UI_Catalog_HomePage@1134affc</td></tr>
</table><p>
<table width='100%' border='1' class='invocation-skipped'>
<tr><td colspan='4' align='center'><b>SKIPPED TESTS</b></td></tr>
<tr><td><b>Test method</b></td>
<td width="30%"><b>Exception</b></td>
<td width="10%"><b>Time (seconds)</b></td>
<td><b>Instance</b></td>
</tr>
<tr>
<td title='ios.scripts.Test_02_UI_Catalog_ActionSheets.test_02_UI_Catalog_ActionSheets()'><b>test_02_UI_Catalog_ActionSheets</b><br>Test class: ios.scripts.Test_02_UI_Catalog_ActionSheets</td>
<td><div><pre>java.lang.NullPointerException
	at ios.common.functions.Base_Class.after_Method(Unknown Source)
... Removed 26 stack frames</pre></div><a href='#' onClick='toggleBox("stack-trace2079565272", this, "Click to show all stack frames", "Click to hide stack frames")'>Click to show all stack frames</a>
<div class='stack-trace' id='stack-trace2079565272'><pre>java.lang.NullPointerException
	at ios.common.functions.Base_Class.after_Method(Unknown Source)
	at sun.reflect.NativeMethodAccessorImpl.invoke0(Native Method)
	at sun.reflect.NativeMethodAccessorImpl.invoke(NativeMethodAccessorImpl.java:62)
	at sun.reflect.DelegatingMethodAccessorImpl.invoke(DelegatingMethodAccessorImpl.java:43)
	at java.lang.reflect.Method.invoke(Method.java:498)
	at org.testng.internal.MethodInvocationHelper.invokeMethod(MethodInvocationHelper.java:104)
	at org.testng.internal.Invoker.invokeConfigurationMethod(Invoker.java:515)
	at org.testng.internal.Invoker.invokeConfigurations(Invoker.java:217)
	at org.testng.internal.Invoker.invokeMethod(Invoker.java:712)
	at org.testng.internal.Invoker.invokeTestMethod(Invoker.java:851)
	at org.testng.internal.Invoker.invokeTestMethods(Invoker.java:1177)
	at org.testng.internal.TestMethodWorker.invokeTestMethods(TestMethodWorker.java:129)
	at org.testng.internal.TestMethodWorker.run(TestMethodWorker.java:112)
	at org.testng.TestRunner.privateRun(TestRunner.java:756)
	at org.testng.TestRunner.run(TestRunner.java:610)
	at org.testng.SuiteRunner.runTest(SuiteRunner.java:387)
	at org.testng.SuiteRunner.runSequentially(SuiteRunner.java:382)
	at org.testng.SuiteRunner.privateRun(SuiteRunner.java:340)
	at org.testng.SuiteRunner.run(SuiteRunner.java:289)
	at org.testng.SuiteRunnerWorker.runSuite(SuiteRunnerWorker.java:52)
	at org.testng.SuiteRunnerWorker.run(SuiteRunnerWorker.java:86)
	at org.testng.TestNG.runSuitesSequentially(TestNG.java:1293)
	at org.testng.TestNG.runSuitesLocally(TestNG.java:1218)
	at org.testng.TestNG.runSuites(TestNG.java:1133)
	at org.testng.TestNG.run(TestNG.java:1104)
	at org.testng.TestNG.privateMain(TestNG.java:1434)
	at org.testng.TestNG.main(TestNG.java:1403)
</pre></div></td>
<td>0</td>
<td>ios.scripts.Test_02_UI_Catalog_ActionSheets@d041cf</td></tr>
<tr>
<td title='ios.scripts.Test_03_UI_Catalog_ActivityIndicators.test_03_UI_Catalog_ActivityIndicators()'><b>test_03_UI_Catalog_ActivityIndicators</b><br>Test class: ios.scripts.Test_03_UI_Catalog_ActivityIndicators</td>
<td><div><pre>java.lang.NullPointerException
	at ios.common.functions.Base_Class.after_Method(Unknown Source)
... Removed 26 stack frames</pre></div><a href='#' onClick='toggleBox("stack-trace570794077", this, "Click to show all stack frames", "Click to hide stack frames")'>Click to show all stack frames</a>
<div class='stack-trace' id='stack-trace570794077'><pre>java.lang.NullPointerException
	at ios.common.functions.Base_Class.after_Method(Unknown Source)
	at sun.reflect.NativeMethodAccessorImpl.invoke0(Native Method)
	at sun.reflect.NativeMethodAccessorImpl.invoke(NativeMethodAccessorImpl.java:62)
	at sun.reflect.DelegatingMethodAccessorImpl.invoke(DelegatingMethodAccessorImpl.java:43)
	at java.lang.reflect.Method.invoke(Method.java:498)
	at org.testng.internal.MethodInvocationHelper.invokeMethod(MethodInvocationHelper.java:104)
	at org.testng.internal.Invoker.invokeConfigurationMethod(Invoker.java:515)
	at org.testng.internal.Invoker.invokeConfigurations(Invoker.java:217)
	at org.testng.internal.Invoker.invokeMethod(Invoker.java:712)
	at org.testng.internal.Invoker.invokeTestMethod(Invoker.java:851)
	at org.testng.internal.Invoker.invokeTestMethods(Invoker.java:1177)
	at org.testng.internal.TestMethodWorker.invokeTestMethods(TestMethodWorker.java:129)
	at org.testng.internal.TestMethodWorker.run(TestMethodWorker.java:112)
	at org.testng.TestRunner.privateRun(TestRunner.java:756)
	at org.testng.TestRunner.run(TestRunner.java:610)
	at org.testng.SuiteRunner.runTest(SuiteRunner.java:387)
	at org.testng.SuiteRunner.runSequentially(SuiteRunner.java:382)
	at org.testng.SuiteRunner.privateRun(SuiteRunner.java:340)
	at org.testng.SuiteRunner.run(SuiteRunner.java:289)
	at org.testng.SuiteRunnerWorker.runSuite(SuiteRunnerWorker.java:52)
	at org.testng.SuiteRunnerWorker.run(SuiteRunnerWorker.java:86)
	at org.testng.TestNG.runSuitesSequentially(TestNG.java:1293)
	at org.testng.TestNG.runSuitesLocally(TestNG.java:1218)
	at org.testng.TestNG.runSuites(TestNG.java:1133)
	at org.testng.TestNG.run(TestNG.java:1104)
	at org.testng.TestNG.privateMain(TestNG.java:1434)
	at org.testng.TestNG.main(TestNG.java:1403)
</pre></div></td>
<td>0</td>
<td>ios.scripts.Test_03_UI_Catalog_ActivityIndicators@129a8472</td></tr>
<tr>
<td title='ios.scripts.Test_04_UI_Catalog_AlertViews.test_04_UI_Catalog_AlertViews()'><b>test_04_UI_Catalog_AlertViews</b><br>Test class: ios.scripts.Test_04_UI_Catalog_AlertViews<br>Parameters: {Script_name=Test_04_UI_Catalog_AlertViews, TestData_2=A message should be a short, complete sentence., TestData_1=A Short Title Is Best, TestData_10=, TestData_11=, TestData_12=, TestData_13=, TestData_14=, TestData_4=, TestData_3=Hello, Thank You , TestData_6=, TestData_5=, TestData_8=, TestData_7=, TestData_9=}</td>
<td><div><pre>java.lang.NullPointerException
	at ios.common.functions.Base_Class.after_Method(Unknown Source)
... Removed 26 stack frames</pre></div><a href='#' onClick='toggleBox("stack-trace2033524545", this, "Click to show all stack frames", "Click to hide stack frames")'>Click to show all stack frames</a>
<div class='stack-trace' id='stack-trace2033524545'><pre>java.lang.NullPointerException
	at ios.common.functions.Base_Class.after_Method(Unknown Source)
	at sun.reflect.NativeMethodAccessorImpl.invoke0(Native Method)
	at sun.reflect.NativeMethodAccessorImpl.invoke(NativeMethodAccessorImpl.java:62)
	at sun.reflect.DelegatingMethodAccessorImpl.invoke(DelegatingMethodAccessorImpl.java:43)
	at java.lang.reflect.Method.invoke(Method.java:498)
	at org.testng.internal.MethodInvocationHelper.invokeMethod(MethodInvocationHelper.java:104)
	at org.testng.internal.Invoker.invokeConfigurationMethod(Invoker.java:515)
	at org.testng.internal.Invoker.invokeConfigurations(Invoker.java:217)
	at org.testng.internal.Invoker.invokeMethod(Invoker.java:712)
	at org.testng.internal.Invoker.invokeTestMethod(Invoker.java:851)
	at org.testng.internal.Invoker.invokeTestMethods(Invoker.java:1177)
	at org.testng.internal.TestMethodWorker.invokeTestMethods(TestMethodWorker.java:129)
	at org.testng.internal.TestMethodWorker.run(TestMethodWorker.java:112)
	at org.testng.TestRunner.privateRun(TestRunner.java:756)
	at org.testng.TestRunner.run(TestRunner.java:610)
	at org.testng.SuiteRunner.runTest(SuiteRunner.java:387)
	at org.testng.SuiteRunner.runSequentially(SuiteRunner.java:382)
	at org.testng.SuiteRunner.privateRun(SuiteRunner.java:340)
	at org.testng.SuiteRunner.run(SuiteRunner.java:289)
	at org.testng.SuiteRunnerWorker.runSuite(SuiteRunnerWorker.java:52)
	at org.testng.SuiteRunnerWorker.run(SuiteRunnerWorker.java:86)
	at org.testng.TestNG.runSuitesSequentially(TestNG.java:1293)
	at org.testng.TestNG.runSuitesLocally(TestNG.java:1218)
	at org.testng.TestNG.runSuites(TestNG.java:1133)
	at org.testng.TestNG.run(TestNG.java:1104)
	at org.testng.TestNG.privateMain(TestNG.java:1434)
	at org.testng.TestNG.main(TestNG.java:1403)
</pre></div></td>
<td>0</td>
<td>ios.scripts.Test_04_UI_Catalog_AlertViews@1b0375b3</td></tr>
<tr>
<td title='ios.scripts.Test_05_UI_Catalog_Buttons.test_05_UI_Catalog_Buttons()'><b>test_05_UI_Catalog_Buttons</b><br>Test class: ios.scripts.Test_05_UI_Catalog_Buttons</td>
<td><div><pre>java.lang.NullPointerException
	at ios.common.functions.Base_Class.after_Method(Unknown Source)
... Removed 26 stack frames</pre></div><a href='#' onClick='toggleBox("stack-trace1344519051", this, "Click to show all stack frames", "Click to hide stack frames")'>Click to show all stack frames</a>
<div class='stack-trace' id='stack-trace1344519051'><pre>java.lang.NullPointerException
	at ios.common.functions.Base_Class.after_Method(Unknown Source)
	at sun.reflect.NativeMethodAccessorImpl.invoke0(Native Method)
	at sun.reflect.NativeMethodAccessorImpl.invoke(NativeMethodAccessorImpl.java:62)
	at sun.reflect.DelegatingMethodAccessorImpl.invoke(DelegatingMethodAccessorImpl.java:43)
	at java.lang.reflect.Method.invoke(Method.java:498)
	at org.testng.internal.MethodInvocationHelper.invokeMethod(MethodInvocationHelper.java:104)
	at org.testng.internal.Invoker.invokeConfigurationMethod(Invoker.java:515)
	at org.testng.internal.Invoker.invokeConfigurations(Invoker.java:217)
	at org.testng.internal.Invoker.invokeMethod(Invoker.java:712)
	at org.testng.internal.Invoker.invokeTestMethod(Invoker.java:851)
	at org.testng.internal.Invoker.invokeTestMethods(Invoker.java:1177)
	at org.testng.internal.TestMethodWorker.invokeTestMethods(TestMethodWorker.java:129)
	at org.testng.internal.TestMethodWorker.run(TestMethodWorker.java:112)
	at org.testng.TestRunner.privateRun(TestRunner.java:756)
	at org.testng.TestRunner.run(TestRunner.java:610)
	at org.testng.SuiteRunner.runTest(SuiteRunner.java:387)
	at org.testng.SuiteRunner.runSequentially(SuiteRunner.java:382)
	at org.testng.SuiteRunner.privateRun(SuiteRunner.java:340)
	at org.testng.SuiteRunner.run(SuiteRunner.java:289)
	at org.testng.SuiteRunnerWorker.runSuite(SuiteRunnerWorker.java:52)
	at org.testng.SuiteRunnerWorker.run(SuiteRunnerWorker.java:86)
	at org.testng.TestNG.runSuitesSequentially(TestNG.java:1293)
	at org.testng.TestNG.runSuitesLocally(TestNG.java:1218)
	at org.testng.TestNG.runSuites(TestNG.java:1133)
	at org.testng.TestNG.run(TestNG.java:1104)
	at org.testng.TestNG.privateMain(TestNG.java:1434)
	at org.testng.TestNG.main(TestNG.java:1403)
</pre></div></td>
<td>0</td>
<td>ios.scripts.Test_05_UI_Catalog_Buttons@2f7c7260</td></tr>
<tr>
<td title='ios.scripts.Test_08_UI_Catalog_Sliders.test_05_UI_Catalog_Sliders()'><b>test_05_UI_Catalog_Sliders</b><br>Test class: ios.scripts.Test_08_UI_Catalog_Sliders</td>
<td><div><pre>java.lang.NullPointerException
	at ios.common.functions.Base_Class.after_Method(Unknown Source)
... Removed 26 stack frames</pre></div><a href='#' onClick='toggleBox("stack-trace1632497828", this, "Click to show all stack frames", "Click to hide stack frames")'>Click to show all stack frames</a>
<div class='stack-trace' id='stack-trace1632497828'><pre>java.lang.NullPointerException
	at ios.common.functions.Base_Class.after_Method(Unknown Source)
	at sun.reflect.NativeMethodAccessorImpl.invoke0(Native Method)
	at sun.reflect.NativeMethodAccessorImpl.invoke(NativeMethodAccessorImpl.java:62)
	at sun.reflect.DelegatingMethodAccessorImpl.invoke(DelegatingMethodAccessorImpl.java:43)
	at java.lang.reflect.Method.invoke(Method.java:498)
	at org.testng.internal.MethodInvocationHelper.invokeMethod(MethodInvocationHelper.java:104)
	at org.testng.internal.Invoker.invokeConfigurationMethod(Invoker.java:515)
	at org.testng.internal.Invoker.invokeConfigurations(Invoker.java:217)
	at org.testng.internal.Invoker.invokeMethod(Invoker.java:712)
	at org.testng.internal.Invoker.invokeTestMethod(Invoker.java:851)
	at org.testng.internal.Invoker.invokeTestMethods(Invoker.java:1177)
	at org.testng.internal.TestMethodWorker.invokeTestMethods(TestMethodWorker.java:129)
	at org.testng.internal.TestMethodWorker.run(TestMethodWorker.java:112)
	at org.testng.TestRunner.privateRun(TestRunner.java:756)
	at org.testng.TestRunner.run(TestRunner.java:610)
	at org.testng.SuiteRunner.runTest(SuiteRunner.java:387)
	at org.testng.SuiteRunner.runSequentially(SuiteRunner.java:382)
	at org.testng.SuiteRunner.privateRun(SuiteRunner.java:340)
	at org.testng.SuiteRunner.run(SuiteRunner.java:289)
	at org.testng.SuiteRunnerWorker.runSuite(SuiteRunnerWorker.java:52)
	at org.testng.SuiteRunnerWorker.run(SuiteRunnerWorker.java:86)
	at org.testng.TestNG.runSuitesSequentially(TestNG.java:1293)
	at org.testng.TestNG.runSuitesLocally(TestNG.java:1218)
	at org.testng.TestNG.runSuites(TestNG.java:1133)
	at org.testng.TestNG.run(TestNG.java:1104)
	at org.testng.TestNG.privateMain(TestNG.java:1434)
	at org.testng.TestNG.main(TestNG.java:1403)
</pre></div></td>
<td>0</td>
<td>ios.scripts.Test_08_UI_Catalog_Sliders@6b71769e</td></tr>
<tr>
<td title='ios.scripts.Test_06_UI_Catalog_DatePicker.test_06_UI_Catalog_DatePicker()'><b>test_06_UI_Catalog_DatePicker</b><br>Test class: ios.scripts.Test_06_UI_Catalog_DatePicker</td>
<td><div><pre>java.lang.NullPointerException
	at ios.common.functions.Base_Class.after_Method(Unknown Source)
... Removed 26 stack frames</pre></div><a href='#' onClick='toggleBox("stack-trace1404932042", this, "Click to show all stack frames", "Click to hide stack frames")'>Click to show all stack frames</a>
<div class='stack-trace' id='stack-trace1404932042'><pre>java.lang.NullPointerException
	at ios.common.functions.Base_Class.after_Method(Unknown Source)
	at sun.reflect.NativeMethodAccessorImpl.invoke0(Native Method)
	at sun.reflect.NativeMethodAccessorImpl.invoke(NativeMethodAccessorImpl.java:62)
	at sun.reflect.DelegatingMethodAccessorImpl.invoke(DelegatingMethodAccessorImpl.java:43)
	at java.lang.reflect.Method.invoke(Method.java:498)
	at org.testng.internal.MethodInvocationHelper.invokeMethod(MethodInvocationHelper.java:104)
	at org.testng.internal.Invoker.invokeConfigurationMethod(Invoker.java:515)
	at org.testng.internal.Invoker.invokeConfigurations(Invoker.java:217)
	at org.testng.internal.Invoker.invokeMethod(Invoker.java:712)
	at org.testng.internal.Invoker.invokeTestMethod(Invoker.java:851)
	at org.testng.internal.Invoker.invokeTestMethods(Invoker.java:1177)
	at org.testng.internal.TestMethodWorker.invokeTestMethods(TestMethodWorker.java:129)
	at org.testng.internal.TestMethodWorker.run(TestMethodWorker.java:112)
	at org.testng.TestRunner.privateRun(TestRunner.java:756)
	at org.testng.TestRunner.run(TestRunner.java:610)
	at org.testng.SuiteRunner.runTest(SuiteRunner.java:387)
	at org.testng.SuiteRunner.runSequentially(SuiteRunner.java:382)
	at org.testng.SuiteRunner.privateRun(SuiteRunner.java:340)
	at org.testng.SuiteRunner.run(SuiteRunner.java:289)
	at org.testng.SuiteRunnerWorker.runSuite(SuiteRunnerWorker.java:52)
	at org.testng.SuiteRunnerWorker.run(SuiteRunnerWorker.java:86)
	at org.testng.TestNG.runSuitesSequentially(TestNG.java:1293)
	at org.testng.TestNG.runSuitesLocally(TestNG.java:1218)
	at org.testng.TestNG.runSuites(TestNG.java:1133)
	at org.testng.TestNG.run(TestNG.java:1104)
	at org.testng.TestNG.privateMain(TestNG.java:1434)
	at org.testng.TestNG.main(TestNG.java:1403)
</pre></div></td>
<td>0</td>
<td>ios.scripts.Test_06_UI_Catalog_DatePicker@2d209079</td></tr>
<tr>
<td title='ios.scripts.Test_07_UI_Catalog_SegmentedControls.test_07_UI_Catalog_SegmentedControls()'><b>test_07_UI_Catalog_SegmentedControls</b><br>Test class: ios.scripts.Test_07_UI_Catalog_SegmentedControls<br>Parameters: {Script_name=Test_07_UI_Catalog_SegmentedControls, TestData_2=TINTED, TestData_1=DEFAULT, TestData_10=, TestData_11=, TestData_12=, TestData_13=, TestData_14=, TestData_4=Search, TestData_3=Check, TestData_6=CUSTOM SEGMENTS, TestData_5=Tools, TestData_8=Search, TestData_7=Done, TestData_9=Settings}</td>
<td><div><pre>java.lang.NullPointerException
	at ios.common.functions.Base_Class.after_Method(Unknown Source)
... Removed 26 stack frames</pre></div><a href='#' onClick='toggleBox("stack-trace1671590089", this, "Click to show all stack frames", "Click to hide stack frames")'>Click to show all stack frames</a>
<div class='stack-trace' id='stack-trace1671590089'><pre>java.lang.NullPointerException
	at ios.common.functions.Base_Class.after_Method(Unknown Source)
	at sun.reflect.NativeMethodAccessorImpl.invoke0(Native Method)
	at sun.reflect.NativeMethodAccessorImpl.invoke(NativeMethodAccessorImpl.java:62)
	at sun.reflect.DelegatingMethodAccessorImpl.invoke(DelegatingMethodAccessorImpl.java:43)
	at java.lang.reflect.Method.invoke(Method.java:498)
	at org.testng.internal.MethodInvocationHelper.invokeMethod(MethodInvocationHelper.java:104)
	at org.testng.internal.Invoker.invokeConfigurationMethod(Invoker.java:515)
	at org.testng.internal.Invoker.invokeConfigurations(Invoker.java:217)
	at org.testng.internal.Invoker.invokeMethod(Invoker.java:712)
	at org.testng.internal.Invoker.invokeTestMethod(Invoker.java:851)
	at org.testng.internal.Invoker.invokeTestMethods(Invoker.java:1177)
	at org.testng.internal.TestMethodWorker.invokeTestMethods(TestMethodWorker.java:129)
	at org.testng.internal.TestMethodWorker.run(TestMethodWorker.java:112)
	at org.testng.TestRunner.privateRun(TestRunner.java:756)
	at org.testng.TestRunner.run(TestRunner.java:610)
	at org.testng.SuiteRunner.runTest(SuiteRunner.java:387)
	at org.testng.SuiteRunner.runSequentially(SuiteRunner.java:382)
	at org.testng.SuiteRunner.privateRun(SuiteRunner.java:340)
	at org.testng.SuiteRunner.run(SuiteRunner.java:289)
	at org.testng.SuiteRunnerWorker.runSuite(SuiteRunnerWorker.java:52)
	at org.testng.SuiteRunnerWorker.run(SuiteRunnerWorker.java:86)
	at org.testng.TestNG.runSuitesSequentially(TestNG.java:1293)
	at org.testng.TestNG.runSuitesLocally(TestNG.java:1218)
	at org.testng.TestNG.runSuites(TestNG.java:1133)
	at org.testng.TestNG.run(TestNG.java:1104)
	at org.testng.TestNG.privateMain(TestNG.java:1434)
	at org.testng.TestNG.main(TestNG.java:1403)
</pre></div></td>
<td>0</td>
<td>ios.scripts.Test_07_UI_Catalog_SegmentedControls@6bdf28bb</td></tr>
</table><p>
</body>
</html>