<?xml version="1.0" encoding="UTF-8"?>
<testsuite name="iOSTest"
           tests="2"
           failures="1"
           errors="0"
           skipped="1"
           time="100.723">
  <properties />
            <testcase name="test_11_UI_Catalog_TextFields" time="28.411" classname="ios.scripts.Test_11_UI_Catalog_TextFields">
                <failure type="java.lang.AssertionError"
                  message="Data Mismatch expected [Placeholder text] but found [Default_Text_Sam1]"
              >
<![CDATA[java.lang.AssertionError: Data Mismatch expected [Placeholder text] but found [Default_Text_Sam1]
  org.testng.Assert.fail(Assert.java:94)
  org.testng.Assert.failNotEquals(Assert.java:513)
  org.testng.Assert.assertEqualsImpl(Assert.java:135)
  org.testng.Assert.assertEquals(Assert.java:116)
  org.testng.Assert.assertEquals(Assert.java:190)
  ios.scripts.Test_11_UI_Catalog_TextFields.test_11_UI_Catalog_TextFields(Unknown Source)
  sun.reflect.NativeMethodAccessorImpl.invoke0(Native Method)
  sun.reflect.NativeMethodAccessorImpl.invoke(NativeMethodAccessorImpl.java:62)
  sun.reflect.DelegatingMethodAccessorImpl.invoke(DelegatingMethodAccessorImpl.java:43)
  java.lang.reflect.Method.invoke(Method.java:498)
  org.testng.internal.MethodInvocationHelper.invokeMethod(MethodInvocationHelper.java:104)
  org.testng.internal.Invoker.invokeMethod(Invoker.java:645)
  org.testng.internal.Invoker.retryFailed(Invoker.java:998)
  org.testng.internal.Invoker.invokeTestMethods(Invoker.java:1200)
  org.testng.internal.TestMethodWorker.invokeTestMethods(TestMethodWorker.java:129)
  org.testng.internal.TestMethodWorker.run(TestMethodWorker.java:112)
  org.testng.TestRunner.privateRun(TestRunner.java:756)
  org.testng.TestRunner.run(TestRunner.java:610)
  org.testng.SuiteRunner.runTest(SuiteRunner.java:387)
  org.testng.SuiteRunner.runSequentially(SuiteRunner.java:382)
  org.testng.SuiteRunner.privateRun(SuiteRunner.java:340)
  org.testng.SuiteRunner.run(SuiteRunner.java:289)
  org.testng.SuiteRunnerWorker.runSuite(SuiteRunnerWorker.java:52)
  org.testng.SuiteRunnerWorker.run(SuiteRunnerWorker.java:86)
  org.testng.TestNG.runSuitesSequentially(TestNG.java:1293)
  org.testng.TestNG.runSuitesLocally(TestNG.java:1218)
  org.testng.TestNG.runSuites(TestNG.java:1133)
  org.testng.TestNG.run(TestNG.java:1104)
  org.testng.TestNG.privateMain(TestNG.java:1434)
  org.testng.TestNG.main(TestNG.java:1403)
]]>
      </failure>

          </testcase>
  
            <testcase name="test_11_UI_Catalog_TextFields" time="0.0" classname="ios.scripts.Test_11_UI_Catalog_TextFields">
          <skipped />
    </testcase>
  
  
</testsuite>
