<?xml version="1.0" encoding="UTF-8"?>
<testng-results skipped="1" failed="1" ignored="0" total="2" passed="0">
  <reporter-output>
    <line>
      <![CDATA[06_04_2019_04_27_27_556 ***** Suite Execution Started *****]]>
    </line>
    <line>
      <![CDATA[06_04_2019_04_27_27_840 -  Set Desired Capabilities - iOS : iPhone]]>
    </line>
    <line>
      <![CDATA[06_04_2019_04_27_27_842 - Launch iOSDriver : Capabilities [{noReset=true, platformVersion=10.3, bundleId=com.example.apple-samplecode.UICatalog, platformName=iOS, deviceName=iPhone 7}]]]>
    </line>
    <line>
      <![CDATA[ Please Open iPhone or Appium Server org.openqa.selenium.SessionNotCreatedException: A new session could not be created. (Original error: No app set; either start appium with --app or use 'app' cap) (WARNING: The server did not provide any stacktrace information)
Command duration or timeout: 241 milliseconds
Build info: version: '2.53.1', revision: 'a36b8b1cd5757287168e54b817830adce9b0158d', time: '2016-06-30 19:26:09'
System info: host: 'Sambeets-MacBook-Air.local', ip: '192.168.0.106', os.name: 'Mac OS X', os.arch: 'x86_64', os.version: '10.13.2', java.version: '1.8.0_131'
Driver info: io.appium.java_client.ios.IOSDriver]]>
    </line>
    <line>
      <![CDATA[06_04_2019_04_27_28_902  ********************* IOS.SCRIPTS.TEST_04_UI_CATALOG_ALERTVIEWS *********************]]>
    </line>
    <line>
      <![CDATA[06_04_2019_04_27_28_932  ***************** Execution Complete : TEST_04_UI_CATALOG_ALERTVIEWS ******************]]>
    </line>
    <line>
      <![CDATA[06_04_2019_04_27_28_939  ********************* IOS.SCRIPTS.TEST_04_UI_CATALOG_ALERTVIEWS *********************]]>
    </line>
    <line>
      <![CDATA[06_04_2019_04_27_28_950  ***************** Execution Complete : TEST_04_UI_CATALOG_ALERTVIEWS ******************]]>
    </line>
  </reporter-output>
  <suite name="iOSSuite" duration-ms="283" started-at="2019-06-03T22:57:28Z" finished-at="2019-06-03T22:57:28Z">
    <groups>
    </groups>
    <test name="iOSTest" duration-ms="283" started-at="2019-06-03T22:57:28Z" finished-at="2019-06-03T22:57:28Z">
      <class name="ios.scripts.Test_04_UI_Catalog_AlertViews">
        <test-method status="PASS" signature="before_Suite()[pri:0, instance:ios.scripts.Test_04_UI_Catalog_AlertViews@6adede5]" name="before_Suite" is-config="true" duration-ms="1123" started-at="2019-06-04T04:27:27Z" finished-at="2019-06-04T04:27:28Z">
          <reporter-output>
            <line>
              <![CDATA[06_04_2019_04_27_27_556 ***** Suite Execution Started *****]]>
            </line>
            <line>
              <![CDATA[06_04_2019_04_27_27_840 -  Set Desired Capabilities - iOS : iPhone]]>
            </line>
            <line>
              <![CDATA[06_04_2019_04_27_27_842 - Launch iOSDriver : Capabilities [{noReset=true, platformVersion=10.3, bundleId=com.example.apple-samplecode.UICatalog, platformName=iOS, deviceName=iPhone 7}]]]>
            </line>
            <line>
              <![CDATA[ Please Open iPhone or Appium Server org.openqa.selenium.SessionNotCreatedException: A new session could not be created. (Original error: No app set; either start appium with --app or use 'app' cap) (WARNING: The server did not provide any stacktrace information)
Command duration or timeout: 241 milliseconds
Build info: version: '2.53.1', revision: 'a36b8b1cd5757287168e54b817830adce9b0158d', time: '2016-06-30 19:26:09'
System info: host: 'Sambeets-MacBook-Air.local', ip: '192.168.0.106', os.name: 'Mac OS X', os.arch: 'x86_64', os.version: '10.13.2', java.version: '1.8.0_131'
Driver info: io.appium.java_client.ios.IOSDriver]]>
            </line>
          </reporter-output>
        </test-method> <!-- before_Suite -->
        <test-method status="PASS" signature="before_Method()[pri:0, instance:ios.scripts.Test_04_UI_Catalog_AlertViews@6adede5]" name="before_Method" is-config="true" duration-ms="3" started-at="2019-06-04T04:27:28Z" finished-at="2019-06-04T04:27:28Z">
          <reporter-output>
            <line>
              <![CDATA[06_04_2019_04_27_28_902  ********************* IOS.SCRIPTS.TEST_04_UI_CATALOG_ALERTVIEWS *********************]]>
            </line>
          </reporter-output>
        </test-method> <!-- before_Method -->
        <test-method status="SKIP" signature="test_04_UI_Catalog_AlertViews(java.util.Map)[pri:0, instance:ios.scripts.Test_04_UI_Catalog_AlertViews@6adede5]" name="test_04_UI_Catalog_AlertViews" duration-ms="17" started-at="2019-06-04T04:27:28Z" data-provider="dp_Test_04_UI_Catalog_AlertViews" finished-at="2019-06-04T04:27:28Z">
          <params>
            <param index="0">
              <value>
                <![CDATA[{Script_name=Test_04_UI_Catalog_AlertViews, TestData_2=A message should be a short, complete sentence., TestData_1=A Short Title Is Best, TestData_10=, TestData_11=, TestData_12=, TestData_13=, TestData_14=, TestData_4=, TestData_3=Hello, Thank You , TestData_6=, TestData_5=, TestData_8=, TestData_7=, TestData_9=}]]>
              </value>
            </param>
          </params>
          <exception class="java.lang.NullPointerException">
            <full-stacktrace>
              <![CDATA[java.lang.NullPointerException
	at ios.pageObjects.Get_WebElement.getElementByAccessibilityId(Get_WebElement.java:22)
	at ios.scripts.Test_04_UI_Catalog_AlertViews.test_04_UI_Catalog_AlertViews(Test_04_UI_Catalog_AlertViews.java:35)
	at sun.reflect.NativeMethodAccessorImpl.invoke0(Native Method)
	at sun.reflect.NativeMethodAccessorImpl.invoke(NativeMethodAccessorImpl.java:62)
	at sun.reflect.DelegatingMethodAccessorImpl.invoke(DelegatingMethodAccessorImpl.java:43)
	at java.lang.reflect.Method.invoke(Method.java:498)
	at org.testng.internal.MethodInvocationHelper.invokeMethod(MethodInvocationHelper.java:104)
	at org.testng.internal.Invoker.invokeMethod(Invoker.java:645)
	at org.testng.internal.Invoker.invokeTestMethod(Invoker.java:851)
	at org.testng.internal.Invoker.invokeTestMethods(Invoker.java:1177)
	at org.testng.internal.TestMethodWorker.invokeTestMethods(TestMethodWorker.java:129)
	at org.testng.internal.TestMethodWorker.run(TestMethodWorker.java:112)
	at org.testng.TestRunner.privateRun(TestRunner.java:756)
	at org.testng.TestRunner.run(TestRunner.java:610)
	at org.testng.SuiteRunner.runTest(SuiteRunner.java:387)
	at org.testng.SuiteRunner.runSequentially(SuiteRunner.java:382)
	at org.testng.SuiteRunner.privateRun(SuiteRunner.java:340)
	at org.testng.SuiteRunner.run(SuiteRunner.java:289)
	at org.testng.SuiteRunnerWorker.runSuite(SuiteRunnerWorker.java:52)
	at org.testng.SuiteRunnerWorker.run(SuiteRunnerWorker.java:86)
	at org.testng.TestNG.runSuitesSequentially(TestNG.java:1293)
	at org.testng.TestNG.runSuitesLocally(TestNG.java:1218)
	at org.testng.TestNG.runSuites(TestNG.java:1133)
	at org.testng.TestNG.run(TestNG.java:1104)
	at org.testng.remote.AbstractRemoteTestNG.run(AbstractRemoteTestNG.java:114)
	at org.testng.remote.RemoteTestNG.initAndRun(RemoteTestNG.java:251)
	at org.testng.remote.RemoteTestNG.main(RemoteTestNG.java:77)
]]>
            </full-stacktrace>
          </exception> <!-- java.lang.NullPointerException -->
          <reporter-output>
          </reporter-output>
        </test-method> <!-- test_04_UI_Catalog_AlertViews -->
        <test-method status="PASS" signature="after_Method(org.testng.ITestResult)[pri:0, instance:ios.scripts.Test_04_UI_Catalog_AlertViews@6adede5]" name="after_Method" is-config="true" duration-ms="9" started-at="2019-06-04T04:27:28Z" finished-at="2019-06-04T04:27:28Z">
          <params>
            <param index="0">
              <value>
                <![CDATA[[TestResult name=test_04_UI_Catalog_AlertViews status=SKIP method=Test_04_UI_Catalog_AlertViews.test_04_UI_Catalog_AlertViews(java.util.Map)[pri:0, instance:ios.scripts.Test_04_UI_Catalog_AlertViews@6adede5] output={null}]]]>
              </value>
            </param>
          </params>
          <reporter-output>
            <line>
              <![CDATA[06_04_2019_04_27_28_932  ***************** Execution Complete : TEST_04_UI_CATALOG_ALERTVIEWS ******************]]>
            </line>
          </reporter-output>
        </test-method> <!-- after_Method -->
        <test-method status="FAIL" signature="test_04_UI_Catalog_AlertViews(java.util.Map)[pri:0, instance:ios.scripts.Test_04_UI_Catalog_AlertViews@6adede5]" name="test_04_UI_Catalog_AlertViews" duration-ms="3" started-at="2019-06-04T04:27:28Z" data-provider="dp_Test_04_UI_Catalog_AlertViews" finished-at="2019-06-04T04:27:28Z">
          <params>
            <param index="0">
              <value>
                <![CDATA[{Script_name=Test_04_UI_Catalog_AlertViews, TestData_2=A message should be a short, complete sentence., TestData_1=A Short Title Is Best, TestData_10=, TestData_11=, TestData_12=, TestData_13=, TestData_14=, TestData_4=, TestData_3=Hello, Thank You , TestData_6=, TestData_5=, TestData_8=, TestData_7=, TestData_9=}]]>
              </value>
            </param>
          </params>
          <exception class="java.lang.NullPointerException">
            <full-stacktrace>
              <![CDATA[java.lang.NullPointerException
	at ios.pageObjects.Get_WebElement.getElementByAccessibilityId(Get_WebElement.java:22)
	at ios.scripts.Test_04_UI_Catalog_AlertViews.test_04_UI_Catalog_AlertViews(Test_04_UI_Catalog_AlertViews.java:35)
	at sun.reflect.NativeMethodAccessorImpl.invoke0(Native Method)
	at sun.reflect.NativeMethodAccessorImpl.invoke(NativeMethodAccessorImpl.java:62)
	at sun.reflect.DelegatingMethodAccessorImpl.invoke(DelegatingMethodAccessorImpl.java:43)
	at java.lang.reflect.Method.invoke(Method.java:498)
	at org.testng.internal.MethodInvocationHelper.invokeMethod(MethodInvocationHelper.java:104)
	at org.testng.internal.Invoker.invokeMethod(Invoker.java:645)
	at org.testng.internal.Invoker.retryFailed(Invoker.java:998)
	at org.testng.internal.Invoker.invokeTestMethods(Invoker.java:1200)
	at org.testng.internal.TestMethodWorker.invokeTestMethods(TestMethodWorker.java:129)
	at org.testng.internal.TestMethodWorker.run(TestMethodWorker.java:112)
	at org.testng.TestRunner.privateRun(TestRunner.java:756)
	at org.testng.TestRunner.run(TestRunner.java:610)
	at org.testng.SuiteRunner.runTest(SuiteRunner.java:387)
	at org.testng.SuiteRunner.runSequentially(SuiteRunner.java:382)
	at org.testng.SuiteRunner.privateRun(SuiteRunner.java:340)
	at org.testng.SuiteRunner.run(SuiteRunner.java:289)
	at org.testng.SuiteRunnerWorker.runSuite(SuiteRunnerWorker.java:52)
	at org.testng.SuiteRunnerWorker.run(SuiteRunnerWorker.java:86)
	at org.testng.TestNG.runSuitesSequentially(TestNG.java:1293)
	at org.testng.TestNG.runSuitesLocally(TestNG.java:1218)
	at org.testng.TestNG.runSuites(TestNG.java:1133)
	at org.testng.TestNG.run(TestNG.java:1104)
	at org.testng.remote.AbstractRemoteTestNG.run(AbstractRemoteTestNG.java:114)
	at org.testng.remote.RemoteTestNG.initAndRun(RemoteTestNG.java:251)
	at org.testng.remote.RemoteTestNG.main(RemoteTestNG.java:77)
]]>
            </full-stacktrace>
          </exception> <!-- java.lang.NullPointerException -->
          <reporter-output>
          </reporter-output>
        </test-method> <!-- test_04_UI_Catalog_AlertViews -->
        <test-method status="PASS" signature="before_Method()[pri:0, instance:ios.scripts.Test_04_UI_Catalog_AlertViews@6adede5]" name="before_Method" is-config="true" duration-ms="0" started-at="2019-06-04T04:27:28Z" finished-at="2019-06-04T04:27:28Z">
          <reporter-output>
            <line>
              <![CDATA[06_04_2019_04_27_28_939  ********************* IOS.SCRIPTS.TEST_04_UI_CATALOG_ALERTVIEWS *********************]]>
            </line>
          </reporter-output>
        </test-method> <!-- before_Method -->
        <test-method status="PASS" signature="after_Method(org.testng.ITestResult)[pri:0, instance:ios.scripts.Test_04_UI_Catalog_AlertViews@6adede5]" name="after_Method" is-config="true" duration-ms="4" started-at="2019-06-04T04:27:28Z" finished-at="2019-06-04T04:27:28Z">
          <params>
            <param index="0">
              <value>
                <![CDATA[[TestResult name=test_04_UI_Catalog_AlertViews status=FAILURE method=Test_04_UI_Catalog_AlertViews.test_04_UI_Catalog_AlertViews(java.util.Map)[pri:0, instance:ios.scripts.Test_04_UI_Catalog_AlertViews@6adede5] output={null}]]]>
              </value>
            </param>
          </params>
          <reporter-output>
            <line>
              <![CDATA[06_04_2019_04_27_28_950  ***************** Execution Complete : TEST_04_UI_CATALOG_ALERTVIEWS ******************]]>
            </line>
          </reporter-output>
        </test-method> <!-- after_Method -->
        <test-method status="FAIL" signature="after_Suite()[pri:0, instance:ios.scripts.Test_04_UI_Catalog_AlertViews@6adede5]" name="after_Suite" is-config="true" duration-ms="0" started-at="2019-06-04T04:27:28Z" finished-at="2019-06-04T04:27:28Z">
          <exception class="java.lang.NullPointerException">
            <full-stacktrace>
              <![CDATA[java.lang.NullPointerException
	at ios.common.functions.Base_Class.after_Suite(Base_Class.java:79)
	at sun.reflect.NativeMethodAccessorImpl.invoke0(Native Method)
	at sun.reflect.NativeMethodAccessorImpl.invoke(NativeMethodAccessorImpl.java:62)
	at sun.reflect.DelegatingMethodAccessorImpl.invoke(DelegatingMethodAccessorImpl.java:43)
	at java.lang.reflect.Method.invoke(Method.java:498)
	at org.testng.internal.MethodInvocationHelper.invokeMethod(MethodInvocationHelper.java:104)
	at org.testng.internal.Invoker.invokeConfigurationMethod(Invoker.java:515)
	at org.testng.internal.Invoker.invokeConfigurations(Invoker.java:217)
	at org.testng.internal.Invoker.invokeConfigurations(Invoker.java:144)
	at org.testng.SuiteRunner.privateRun(SuiteRunner.java:357)
	at org.testng.SuiteRunner.run(SuiteRunner.java:289)
	at org.testng.SuiteRunnerWorker.runSuite(SuiteRunnerWorker.java:52)
	at org.testng.SuiteRunnerWorker.run(SuiteRunnerWorker.java:86)
	at org.testng.TestNG.runSuitesSequentially(TestNG.java:1293)
	at org.testng.TestNG.runSuitesLocally(TestNG.java:1218)
	at org.testng.TestNG.runSuites(TestNG.java:1133)
	at org.testng.TestNG.run(TestNG.java:1104)
	at org.testng.remote.AbstractRemoteTestNG.run(AbstractRemoteTestNG.java:114)
	at org.testng.remote.RemoteTestNG.initAndRun(RemoteTestNG.java:251)
	at org.testng.remote.RemoteTestNG.main(RemoteTestNG.java:77)
]]>
            </full-stacktrace>
          </exception> <!-- java.lang.NullPointerException -->
          <reporter-output>
          </reporter-output>
        </test-method> <!-- after_Suite -->
      </class> <!-- ios.scripts.Test_04_UI_Catalog_AlertViews -->
    </test> <!-- iOSTest -->
  </suite> <!-- iOSSuite -->
</testng-results>
