<?xml version="1.0" encoding="UTF-8"?>
<testng-results skipped="1" failed="1" ignored="0" total="2" passed="0">
  <reporter-output>
    <line>
      <![CDATA[06_04_2019_04_35_50_808 ***** Suite Execution Started *****]]>
    </line>
    <line>
      <![CDATA[06_04_2019_04_35_51_697 -  Set Desired Capabilities - iOS : iPhone]]>
    </line>
    <line>
      <![CDATA[06_04_2019_04_35_51_699 - Launch iOSDriver : Capabilities [{noReset=true, platformVersion=10.3, bundleId=com.example.apple-samplecode.UICatalog, platformName=iOS, deviceName=iPhone 7}]]]>
    </line>
    <line>
      <![CDATA[ Please Open iPhone or Appium Server org.openqa.selenium.WebDriverException: org.apache.http.conn.HttpHostConnectException: Connect to 127.0.0.1:4723 [/127.0.0.1] failed: Connection refused (Connection refused)
Build info: version: '3.3.1', revision: '5234b32', time: '2017-03-10 09:04:52 -0800'
System info: host: 'Sambeets-MacBook-Air.local', ip: 'fe80:0:0:0:1402:b763:456d:285d%en0', os.name: 'Mac OS X', os.arch: 'x86_64', os.version: '10.13.2', java.version: '1.8.0_131'
Driver info: driver.version: IOSDriver]]>
    </line>
    <line>
      <![CDATA[06_04_2019_04_35_53_707  ********************* IOS.SCRIPTS.TEST_04_UI_CATALOG_ALERTVIEWS *********************]]>
    </line>
    <line>
      <![CDATA[06_04_2019_04_35_53_726  ***************** Execution Complete : TEST_04_UI_CATALOG_ALERTVIEWS ******************]]>
    </line>
    <line>
      <![CDATA[06_04_2019_04_35_53_737  ********************* IOS.SCRIPTS.TEST_04_UI_CATALOG_ALERTVIEWS *********************]]>
    </line>
    <line>
      <![CDATA[06_04_2019_04_35_53_742  ***************** Execution Complete : TEST_04_UI_CATALOG_ALERTVIEWS ******************]]>
    </line>
  </reporter-output>
  <suite name="iOSSuite" duration-ms="513" started-at="2019-06-03T23:05:53Z" finished-at="2019-06-03T23:05:53Z">
    <groups>
    </groups>
    <test name="iOSTest" duration-ms="513" started-at="2019-06-03T23:05:53Z" finished-at="2019-06-03T23:05:53Z">
      <class name="ios.scripts.Test_04_UI_Catalog_AlertViews">
        <test-method status="PASS" signature="before_Suite()[pri:0, instance:ios.scripts.Test_04_UI_Catalog_AlertViews@c818063]" name="before_Suite" is-config="true" duration-ms="2434" started-at="2019-06-04T04:35:50Z" finished-at="2019-06-04T04:35:53Z">
          <reporter-output>
            <line>
              <![CDATA[06_04_2019_04_35_50_808 ***** Suite Execution Started *****]]>
            </line>
            <line>
              <![CDATA[06_04_2019_04_35_51_697 -  Set Desired Capabilities - iOS : iPhone]]>
            </line>
            <line>
              <![CDATA[06_04_2019_04_35_51_699 - Launch iOSDriver : Capabilities [{noReset=true, platformVersion=10.3, bundleId=com.example.apple-samplecode.UICatalog, platformName=iOS, deviceName=iPhone 7}]]]>
            </line>
            <line>
              <![CDATA[ Please Open iPhone or Appium Server org.openqa.selenium.WebDriverException: org.apache.http.conn.HttpHostConnectException: Connect to 127.0.0.1:4723 [/127.0.0.1] failed: Connection refused (Connection refused)
Build info: version: '3.3.1', revision: '5234b32', time: '2017-03-10 09:04:52 -0800'
System info: host: 'Sambeets-MacBook-Air.local', ip: 'fe80:0:0:0:1402:b763:456d:285d%en0', os.name: 'Mac OS X', os.arch: 'x86_64', os.version: '10.13.2', java.version: '1.8.0_131'
Driver info: driver.version: IOSDriver]]>
            </line>
          </reporter-output>
        </test-method> <!-- before_Suite -->
        <test-method status="PASS" signature="before_Method()[pri:0, instance:ios.scripts.Test_04_UI_Catalog_AlertViews@c818063]" name="before_Method" is-config="true" duration-ms="2" started-at="2019-06-04T04:35:53Z" finished-at="2019-06-04T04:35:53Z">
          <reporter-output>
            <line>
              <![CDATA[06_04_2019_04_35_53_707  ********************* IOS.SCRIPTS.TEST_04_UI_CATALOG_ALERTVIEWS *********************]]>
            </line>
          </reporter-output>
        </test-method> <!-- before_Method -->
        <test-method status="SKIP" signature="test_04_UI_Catalog_AlertViews(java.util.Map)[pri:0, instance:ios.scripts.Test_04_UI_Catalog_AlertViews@c818063]" name="test_04_UI_Catalog_AlertViews" duration-ms="16" started-at="2019-06-04T04:35:53Z" data-provider="dp_Test_04_UI_Catalog_AlertViews" finished-at="2019-06-04T04:35:53Z">
          <params>
            <param index="0">
              <value>
                <![CDATA[{Script_name=Test_04_UI_Catalog_AlertViews, TestData_2=A message should be a short, complete sentence., TestData_1=A Short Title Is Best, TestData_10=, TestData_11=, TestData_12=, TestData_13=, TestData_14=, TestData_4=, TestData_3=Hello, Thank You , TestData_6=, TestData_5=, TestData_8=, TestData_7=, TestData_9=}]]>
              </value>
            </param>
          </params>
          <exception class="java.lang.NullPointerException">
            <full-stacktrace>
              <![CDATA[java.lang.NullPointerException
	at ios.pageObjects.Get_WebElement.getElementByAccessibilityId(Unknown Source)
	at ios.scripts.Test_04_UI_Catalog_AlertViews.test_04_UI_Catalog_AlertViews(Unknown Source)
	at sun.reflect.NativeMethodAccessorImpl.invoke0(Native Method)
	at sun.reflect.NativeMethodAccessorImpl.invoke(NativeMethodAccessorImpl.java:62)
	at sun.reflect.DelegatingMethodAccessorImpl.invoke(DelegatingMethodAccessorImpl.java:43)
	at java.lang.reflect.Method.invoke(Method.java:498)
	at org.testng.internal.MethodInvocationHelper.invokeMethod(MethodInvocationHelper.java:104)
	at org.testng.internal.Invoker.invokeMethod(Invoker.java:645)
	at org.testng.internal.Invoker.invokeTestMethod(Invoker.java:851)
	at org.testng.internal.Invoker.invokeTestMethods(Invoker.java:1177)
	at org.testng.internal.TestMethodWorker.invokeTestMethods(TestMethodWorker.java:129)
	at org.testng.internal.TestMethodWorker.run(TestMethodWorker.java:112)
	at org.testng.TestRunner.privateRun(TestRunner.java:756)
	at org.testng.TestRunner.run(TestRunner.java:610)
	at org.testng.SuiteRunner.runTest(SuiteRunner.java:387)
	at org.testng.SuiteRunner.runSequentially(SuiteRunner.java:382)
	at org.testng.SuiteRunner.privateRun(SuiteRunner.java:340)
	at org.testng.SuiteRunner.run(SuiteRunner.java:289)
	at org.testng.SuiteRunnerWorker.runSuite(SuiteRunnerWorker.java:52)
	at org.testng.SuiteRunnerWorker.run(SuiteRunnerWorker.java:86)
	at org.testng.TestNG.runSuitesSequentially(TestNG.java:1293)
	at org.testng.TestNG.runSuitesLocally(TestNG.java:1218)
	at org.testng.TestNG.runSuites(TestNG.java:1133)
	at org.testng.TestNG.run(TestNG.java:1104)
	at org.testng.TestNG.privateMain(TestNG.java:1434)
	at org.testng.TestNG.main(TestNG.java:1403)
]]>
            </full-stacktrace>
          </exception> <!-- java.lang.NullPointerException -->
          <reporter-output>
          </reporter-output>
        </test-method> <!-- test_04_UI_Catalog_AlertViews -->
        <test-method status="PASS" signature="after_Method(org.testng.ITestResult)[pri:0, instance:ios.scripts.Test_04_UI_Catalog_AlertViews@c818063]" name="after_Method" is-config="true" duration-ms="3" started-at="2019-06-04T04:35:53Z" finished-at="2019-06-04T04:35:53Z">
          <params>
            <param index="0">
              <value>
                <![CDATA[[TestResult name=test_04_UI_Catalog_AlertViews status=SKIP method=Test_04_UI_Catalog_AlertViews.test_04_UI_Catalog_AlertViews(java.util.Map)[pri:0, instance:ios.scripts.Test_04_UI_Catalog_AlertViews@c818063] output={null}]]]>
              </value>
            </param>
          </params>
          <reporter-output>
            <line>
              <![CDATA[06_04_2019_04_35_53_726  ***************** Execution Complete : TEST_04_UI_CATALOG_ALERTVIEWS ******************]]>
            </line>
          </reporter-output>
        </test-method> <!-- after_Method -->
        <test-method status="FAIL" signature="test_04_UI_Catalog_AlertViews(java.util.Map)[pri:0, instance:ios.scripts.Test_04_UI_Catalog_AlertViews@c818063]" name="test_04_UI_Catalog_AlertViews" duration-ms="1" started-at="2019-06-04T04:35:53Z" data-provider="dp_Test_04_UI_Catalog_AlertViews" finished-at="2019-06-04T04:35:53Z">
          <params>
            <param index="0">
              <value>
                <![CDATA[{Script_name=Test_04_UI_Catalog_AlertViews, TestData_2=A message should be a short, complete sentence., TestData_1=A Short Title Is Best, TestData_10=, TestData_11=, TestData_12=, TestData_13=, TestData_14=, TestData_4=, TestData_3=Hello, Thank You , TestData_6=, TestData_5=, TestData_8=, TestData_7=, TestData_9=}]]>
              </value>
            </param>
          </params>
          <exception class="java.lang.NullPointerException">
            <full-stacktrace>
              <![CDATA[java.lang.NullPointerException
	at ios.pageObjects.Get_WebElement.getElementByAccessibilityId(Unknown Source)
	at ios.scripts.Test_04_UI_Catalog_AlertViews.test_04_UI_Catalog_AlertViews(Unknown Source)
	at sun.reflect.NativeMethodAccessorImpl.invoke0(Native Method)
	at sun.reflect.NativeMethodAccessorImpl.invoke(NativeMethodAccessorImpl.java:62)
	at sun.reflect.DelegatingMethodAccessorImpl.invoke(DelegatingMethodAccessorImpl.java:43)
	at java.lang.reflect.Method.invoke(Method.java:498)
	at org.testng.internal.MethodInvocationHelper.invokeMethod(MethodInvocationHelper.java:104)
	at org.testng.internal.Invoker.invokeMethod(Invoker.java:645)
	at org.testng.internal.Invoker.retryFailed(Invoker.java:998)
	at org.testng.internal.Invoker.invokeTestMethods(Invoker.java:1200)
	at org.testng.internal.TestMethodWorker.invokeTestMethods(TestMethodWorker.java:129)
	at org.testng.internal.TestMethodWorker.run(TestMethodWorker.java:112)
	at org.testng.TestRunner.privateRun(TestRunner.java:756)
	at org.testng.TestRunner.run(TestRunner.java:610)
	at org.testng.SuiteRunner.runTest(SuiteRunner.java:387)
	at org.testng.SuiteRunner.runSequentially(SuiteRunner.java:382)
	at org.testng.SuiteRunner.privateRun(SuiteRunner.java:340)
	at org.testng.SuiteRunner.run(SuiteRunner.java:289)
	at org.testng.SuiteRunnerWorker.runSuite(SuiteRunnerWorker.java:52)
	at org.testng.SuiteRunnerWorker.run(SuiteRunnerWorker.java:86)
	at org.testng.TestNG.runSuitesSequentially(TestNG.java:1293)
	at org.testng.TestNG.runSuitesLocally(TestNG.java:1218)
	at org.testng.TestNG.runSuites(TestNG.java:1133)
	at org.testng.TestNG.run(TestNG.java:1104)
	at org.testng.TestNG.privateMain(TestNG.java:1434)
	at org.testng.TestNG.main(TestNG.java:1403)
]]>
            </full-stacktrace>
          </exception> <!-- java.lang.NullPointerException -->
          <reporter-output>
          </reporter-output>
        </test-method> <!-- test_04_UI_Catalog_AlertViews -->
        <test-method status="PASS" signature="before_Method()[pri:0, instance:ios.scripts.Test_04_UI_Catalog_AlertViews@c818063]" name="before_Method" is-config="true" duration-ms="0" started-at="2019-06-04T04:35:53Z" finished-at="2019-06-04T04:35:53Z">
          <reporter-output>
            <line>
              <![CDATA[06_04_2019_04_35_53_737  ********************* IOS.SCRIPTS.TEST_04_UI_CATALOG_ALERTVIEWS *********************]]>
            </line>
          </reporter-output>
        </test-method> <!-- before_Method -->
        <test-method status="PASS" signature="after_Method(org.testng.ITestResult)[pri:0, instance:ios.scripts.Test_04_UI_Catalog_AlertViews@c818063]" name="after_Method" is-config="true" duration-ms="3" started-at="2019-06-04T04:35:53Z" finished-at="2019-06-04T04:35:53Z">
          <params>
            <param index="0">
              <value>
                <![CDATA[[TestResult name=test_04_UI_Catalog_AlertViews status=FAILURE method=Test_04_UI_Catalog_AlertViews.test_04_UI_Catalog_AlertViews(java.util.Map)[pri:0, instance:ios.scripts.Test_04_UI_Catalog_AlertViews@c818063] output={null}]]]>
              </value>
            </param>
          </params>
          <reporter-output>
            <line>
              <![CDATA[06_04_2019_04_35_53_742  ***************** Execution Complete : TEST_04_UI_CATALOG_ALERTVIEWS ******************]]>
            </line>
          </reporter-output>
        </test-method> <!-- after_Method -->
        <test-method status="FAIL" signature="after_Suite()[pri:0, instance:ios.scripts.Test_04_UI_Catalog_AlertViews@c818063]" name="after_Suite" is-config="true" duration-ms="0" started-at="2019-06-04T04:35:53Z" finished-at="2019-06-04T04:35:53Z">
          <exception class="java.lang.NullPointerException">
            <full-stacktrace>
              <![CDATA[java.lang.NullPointerException
	at ios.common.functions.Base_Class.after_Suite(Unknown Source)
	at sun.reflect.NativeMethodAccessorImpl.invoke0(Native Method)
	at sun.reflect.NativeMethodAccessorImpl.invoke(NativeMethodAccessorImpl.java:62)
	at sun.reflect.DelegatingMethodAccessorImpl.invoke(DelegatingMethodAccessorImpl.java:43)
	at java.lang.reflect.Method.invoke(Method.java:498)
	at org.testng.internal.MethodInvocationHelper.invokeMethod(MethodInvocationHelper.java:104)
	at org.testng.internal.Invoker.invokeConfigurationMethod(Invoker.java:515)
	at org.testng.internal.Invoker.invokeConfigurations(Invoker.java:217)
	at org.testng.internal.Invoker.invokeConfigurations(Invoker.java:144)
	at org.testng.SuiteRunner.privateRun(SuiteRunner.java:357)
	at org.testng.SuiteRunner.run(SuiteRunner.java:289)
	at org.testng.SuiteRunnerWorker.runSuite(SuiteRunnerWorker.java:52)
	at org.testng.SuiteRunnerWorker.run(SuiteRunnerWorker.java:86)
	at org.testng.TestNG.runSuitesSequentially(TestNG.java:1293)
	at org.testng.TestNG.runSuitesLocally(TestNG.java:1218)
	at org.testng.TestNG.runSuites(TestNG.java:1133)
	at org.testng.TestNG.run(TestNG.java:1104)
	at org.testng.TestNG.privateMain(TestNG.java:1434)
	at org.testng.TestNG.main(TestNG.java:1403)
]]>
            </full-stacktrace>
          </exception> <!-- java.lang.NullPointerException -->
          <reporter-output>
          </reporter-output>
        </test-method> <!-- after_Suite -->
      </class> <!-- ios.scripts.Test_04_UI_Catalog_AlertViews -->
    </test> <!-- iOSTest -->
  </suite> <!-- iOSSuite -->
</testng-results>
